{"/Users/one19/Fundamentals/js/NASAPI/test.js":{"path":"/Users/one19/Fundamentals/js/NASAPI/test.js","s":{"1":1,"2":1,"3":1,"4":1,"5":1,"6":1,"7":1,"8":1,"9":1,"10":7,"11":0,"12":7,"13":4,"14":1,"15":1,"16":1,"17":1,"18":1,"19":1},"b":{"1":[0,7]},"f":{"1":7,"2":4},"fnMap":{"1":{"name":"(anonymous_1)","line":12,"loc":{"start":{"line":12,"column":35},"end":{"line":12,"column":50}}},"2":{"name":"(anonymous_2)","line":15,"loc":{"start":{"line":15,"column":15},"end":{"line":15,"column":30}}}},"statementMap":{"1":{"start":{"line":1,"column":0},"end":{"line":1,"column":35}},"2":{"start":{"line":2,"column":0},"end":{"line":2,"column":29}},"3":{"start":{"line":3,"column":0},"end":{"line":3,"column":34}},"4":{"start":{"line":5,"column":0},"end":{"line":5,"column":36}},"5":{"start":{"line":6,"column":0},"end":{"line":6,"column":34}},"6":{"start":{"line":7,"column":0},"end":{"line":7,"column":33}},"7":{"start":{"line":9,"column":0},"end":{"line":26,"column":3}},"8":{"start":{"line":10,"column":2},"end":{"line":25,"column":5}},"9":{"start":{"line":12,"column":4},"end":{"line":17,"column":7}},"10":{"start":{"line":13,"column":6},"end":{"line":13,"column":49}},"11":{"start":{"line":13,"column":36},"end":{"line":13,"column":49}},"12":{"start":{"line":14,"column":6},"end":{"line":14,"column":38}},"13":{"start":{"line":16,"column":6},"end":{"line":16,"column":20}},"14":{"start":{"line":20,"column":4},"end":{"line":20,"column":46}},"15":{"start":{"line":20,"column":27},"end":{"line":20,"column":44}},"16":{"start":{"line":21,"column":4},"end":{"line":21,"column":54}},"17":{"start":{"line":21,"column":27},"end":{"line":21,"column":52}},"18":{"start":{"line":22,"column":4},"end":{"line":24,"column":7}},"19":{"start":{"line":23,"column":6},"end":{"line":23,"column":41}}},"branchMap":{"1":{"line":13,"type":"if","locations":[{"start":{"line":13,"column":6},"end":{"line":13,"column":6}},{"start":{"line":13,"column":6},"end":{"line":13,"column":6}}]}}},"/Users/one19/Fundamentals/js/NASAPI/setup.js":{"path":"/Users/one19/Fundamentals/js/NASAPI/setup.js","s":{"1":1,"2":1,"3":1,"4":1,"5":2,"6":1,"7":1,"8":1,"9":1,"10":1,"11":0,"12":1,"13":2},"b":{"1":[1,0]},"f":{},"fnMap":{},"statementMap":{"1":{"start":{"line":1,"column":0},"end":{"line":1,"column":25}},"2":{"start":{"line":2,"column":0},"end":{"line":2,"column":29}},"3":{"start":{"line":4,"column":0},"end":{"line":4,"column":33}},"4":{"start":{"line":6,"column":0},"end":{"line":8,"column":3}},"5":{"start":{"line":7,"column":2},"end":{"line":7,"column":67}},"6":{"start":{"line":10,"column":0},"end":{"line":20,"column":2}},"7":{"start":{"line":11,"column":2},"end":{"line":19,"column":4}},"8":{"start":{"line":13,"column":4},"end":{"line":13,"column":38}},"9":{"start":{"line":14,"column":4},"end":{"line":14,"column":88}},"10":{"start":{"line":14,"column":81},"end":{"line":14,"column":88}},"11":{"start":{"line":15,"column":4},"end":{"line":15,"column":14}},"12":{"start":{"line":18,"column":4},"end":{"line":18,"column":52}},"13":{"start":{"line":18,"column":43},"end":{"line":18,"column":50}}},"branchMap":{"1":{"line":14,"type":"if","locations":[{"start":{"line":14,"column":4},"end":{"line":14,"column":4}},{"start":{"line":14,"column":4},"end":{"line":14,"column":4}}]}}},"/Users/one19/Fundamentals/js/NASAPI/lib/db.js":{"path":"/Users/one19/Fundamentals/js/NASAPI/lib/db.js","s":{"1":1,"2":1,"3":1,"4":1,"5":1},"b":{},"f":{},"fnMap":{},"statementMap":{"1":{"start":{"line":1,"column":0},"end":{"line":1,"column":38}},"2":{"start":{"line":2,"column":0},"end":{"line":2,"column":38}},"3":{"start":{"line":3,"column":0},"end":{"line":3,"column":41}},"4":{"start":{"line":5,"column":0},"end":{"line":5,"column":85}},"5":{"start":{"line":7,"column":0},"end":{"line":7,"column":19}}},"branchMap":{}},"/Users/one19/Fundamentals/js/NASAPI/tables/event.js":{"path":"/Users/one19/Fundamentals/js/NASAPI/tables/event.js","s":{"1":1,"2":1,"3":1,"4":0,"5":0,"6":0,"7":1},"b":{"1":[0,0]},"f":{},"fnMap":{},"statementMap":{"1":{"start":{"line":1,"column":0},"end":{"line":1,"column":34}},"2":{"start":{"line":3,"column":0},"end":{"line":17,"column":1}},"3":{"start":{"line":4,"column":2},"end":{"line":11,"column":4}},"4":{"start":{"line":6,"column":4},"end":{"line":6,"column":112}},"5":{"start":{"line":6,"column":105},"end":{"line":6,"column":112}},"6":{"start":{"line":7,"column":4},"end":{"line":7,"column":14}},"7":{"start":{"line":10,"column":4},"end":{"line":10,"column":34}}},"branchMap":{"1":{"line":6,"type":"if","locations":[{"start":{"line":6,"column":4},"end":{"line":6,"column":4}},{"start":{"line":6,"column":4},"end":{"line":6,"column":4}}]}}},"/Users/one19/Fundamentals/js/NASAPI/tables/symptom.js":{"path":"/Users/one19/Fundamentals/js/NASAPI/tables/symptom.js","s":{"1":1,"2":1,"3":1,"4":0,"5":0,"6":0,"7":1},"b":{"1":[0,0]},"f":{},"fnMap":{},"statementMap":{"1":{"start":{"line":1,"column":0},"end":{"line":1,"column":34}},"2":{"start":{"line":3,"column":0},"end":{"line":17,"column":1}},"3":{"start":{"line":4,"column":2},"end":{"line":11,"column":4}},"4":{"start":{"line":6,"column":4},"end":{"line":6,"column":114}},"5":{"start":{"line":6,"column":107},"end":{"line":6,"column":114}},"6":{"start":{"line":7,"column":4},"end":{"line":7,"column":14}},"7":{"start":{"line":10,"column":4},"end":{"line":10,"column":36}}},"branchMap":{"1":{"line":6,"type":"if","locations":[{"start":{"line":6,"column":4},"end":{"line":6,"column":4}},{"start":{"line":6,"column":4},"end":{"line":6,"column":4}}]}}},"/Users/one19/Fundamentals/js/NASAPI/index.js":{"path":"/Users/one19/Fundamentals/js/NASAPI/index.js","s":{"1":1,"2":1,"3":1,"4":1,"5":1,"6":1,"7":1,"8":1,"9":1,"10":1,"11":1,"12":3,"13":3,"14":3,"15":1,"16":0,"17":1},"b":{},"f":{"1":0},"fnMap":{"1":{"name":"(anonymous_1)","line":25,"loc":{"start":{"line":25,"column":33},"end":{"line":25,"column":53}}}},"statementMap":{"1":{"start":{"line":1,"column":0},"end":{"line":1,"column":25}},"2":{"start":{"line":3,"column":0},"end":{"line":5,"column":7}},"3":{"start":{"line":4,"column":2},"end":{"line":4,"column":42}},"4":{"start":{"line":7,"column":0},"end":{"line":7,"column":35}},"5":{"start":{"line":9,"column":0},"end":{"line":9,"column":35}},"6":{"start":{"line":10,"column":0},"end":{"line":10,"column":51}},"7":{"start":{"line":12,"column":0},"end":{"line":12,"column":30}},"8":{"start":{"line":13,"column":0},"end":{"line":13,"column":31}},"9":{"start":{"line":15,"column":0},"end":{"line":17,"column":3}},"10":{"start":{"line":16,"column":2},"end":{"line":16,"column":37}},"11":{"start":{"line":19,"column":0},"end":{"line":23,"column":3}},"12":{"start":{"line":20,"column":2},"end":{"line":20,"column":42}},"13":{"start":{"line":21,"column":2},"end":{"line":21,"column":18}},"14":{"start":{"line":22,"column":2},"end":{"line":22,"column":15}},"15":{"start":{"line":25,"column":0},"end":{"line":27,"column":3}},"16":{"start":{"line":26,"column":2},"end":{"line":26,"column":76}},"17":{"start":{"line":29,"column":0},"end":{"line":29,"column":21}}},"branchMap":{}},"/Users/one19/Fundamentals/js/NASAPI/env/base.js":{"path":"/Users/one19/Fundamentals/js/NASAPI/env/base.js","s":{"1":1},"b":{},"f":{},"fnMap":{},"statementMap":{"1":{"start":{"line":1,"column":0},"end":{"line":6,"column":2}}},"branchMap":{}},"/Users/one19/Fundamentals/js/NASAPI/middleware/jwt.js":{"path":"/Users/one19/Fundamentals/js/NASAPI/middleware/jwt.js","s":{"1":1,"2":1,"3":1,"4":1,"5":4,"6":4,"7":2,"8":1,"9":1,"10":336,"11":336,"12":332,"13":4,"14":2,"15":2,"16":1,"17":3,"18":2,"19":1,"20":2,"21":1,"22":2,"23":2},"b":{"1":[332,4],"2":[2,2],"3":[1,1],"4":[2,1],"5":[1,1]},"f":{},"fnMap":{},"statementMap":{"1":{"start":{"line":1,"column":0},"end":{"line":1,"column":27}},"2":{"start":{"line":2,"column":0},"end":{"line":2,"column":36}},"3":{"start":{"line":3,"column":0},"end":{"line":3,"column":35}},"4":{"start":{"line":5,"column":0},"end":{"line":11,"column":2}},"5":{"start":{"line":6,"column":2},"end":{"line":10,"column":3}},"6":{"start":{"line":7,"column":4},"end":{"line":7,"column":53}},"7":{"start":{"line":9,"column":4},"end":{"line":9,"column":17}},"8":{"start":{"line":13,"column":0},"end":{"line":36,"column":1}},"9":{"start":{"line":14,"column":2},"end":{"line":30,"column":4}},"10":{"start":{"line":15,"column":4},"end":{"line":15,"column":44}},"11":{"start":{"line":18,"column":4},"end":{"line":18,"column":57}},"12":{"start":{"line":18,"column":43},"end":{"line":18,"column":57}},"13":{"start":{"line":20,"column":4},"end":{"line":23,"column":5}},"14":{"start":{"line":21,"column":6},"end":{"line":21,"column":68}},"15":{"start":{"line":22,"column":6},"end":{"line":22,"column":41}},"16":{"start":{"line":22,"column":27},"end":{"line":22,"column":41}},"17":{"start":{"line":25,"column":4},"end":{"line":27,"column":5}},"18":{"start":{"line":26,"column":6},"end":{"line":26,"column":52}},"19":{"start":{"line":26,"column":38},"end":{"line":26,"column":52}},"20":{"start":{"line":29,"column":4},"end":{"line":29,"column":69}},"21":{"start":{"line":32,"column":2},"end":{"line":35,"column":5}},"22":{"start":{"line":33,"column":4},"end":{"line":33,"column":18}},"23":{"start":{"line":34,"column":4},"end":{"line":34,"column":18}}},"branchMap":{"1":{"line":18,"type":"if","locations":[{"start":{"line":18,"column":4},"end":{"line":18,"column":4}},{"start":{"line":18,"column":4},"end":{"line":18,"column":4}}]},"2":{"line":20,"type":"if","locations":[{"start":{"line":20,"column":4},"end":{"line":20,"column":4}},{"start":{"line":20,"column":4},"end":{"line":20,"column":4}}]},"3":{"line":22,"type":"if","locations":[{"start":{"line":22,"column":6},"end":{"line":22,"column":6}},{"start":{"line":22,"column":6},"end":{"line":22,"column":6}}]},"4":{"line":25,"type":"if","locations":[{"start":{"line":25,"column":4},"end":{"line":25,"column":4}},{"start":{"line":25,"column":4},"end":{"line":25,"column":4}}]},"5":{"line":26,"type":"if","locations":[{"start":{"line":26,"column":6},"end":{"line":26,"column":6}},{"start":{"line":26,"column":6},"end":{"line":26,"column":6}}]}}},"/Users/one19/Fundamentals/js/NASAPI/routes/event.js":{"path":"/Users/one19/Fundamentals/js/NASAPI/routes/event.js","s":{"1":1,"2":1,"3":1,"4":165,"5":0,"6":0,"7":0,"8":1,"9":165,"10":165,"11":1,"12":1,"13":164,"14":1,"15":1,"16":16,"17":1,"18":4,"19":1,"20":141,"21":1,"22":2,"23":1,"24":2,"25":1,"26":1,"27":9,"28":9,"29":602,"30":9,"31":593,"32":18,"33":575},"b":{"1":[1,164],"2":[165,2],"3":[9,593],"4":[18,575]},"f":{},"fnMap":{},"statementMap":{"1":{"start":{"line":1,"column":0},"end":{"line":1,"column":28}},"2":{"start":{"line":2,"column":0},"end":{"line":2,"column":49}},"3":{"start":{"line":4,"column":0},"end":{"line":10,"column":2}},"4":{"start":{"line":5,"column":2},"end":{"line":9,"column":3}},"5":{"start":{"line":6,"column":4},"end":{"line":6,"column":46}},"6":{"start":{"line":7,"column":4},"end":{"line":7,"column":20}},"7":{"start":{"line":8,"column":4},"end":{"line":8,"column":18}},"8":{"start":{"line":12,"column":0},"end":{"line":18,"column":2}},"9":{"start":{"line":12,"column":23},"end":{"line":18,"column":1}},"10":{"start":{"line":13,"column":2},"end":{"line":16,"column":3}},"11":{"start":{"line":14,"column":4},"end":{"line":14,"column":20}},"12":{"start":{"line":15,"column":4},"end":{"line":15,"column":57}},"13":{"start":{"line":17,"column":2},"end":{"line":17,"column":41}},"14":{"start":{"line":20,"column":0},"end":{"line":65,"column":2}},"15":{"start":{"line":22,"column":4},"end":{"line":26,"column":7}},"16":{"start":{"line":23,"column":6},"end":{"line":25,"column":38}},"17":{"start":{"line":28,"column":4},"end":{"line":32,"column":7}},"18":{"start":{"line":29,"column":6},"end":{"line":31,"column":38}},"19":{"start":{"line":34,"column":4},"end":{"line":38,"column":7}},"20":{"start":{"line":35,"column":6},"end":{"line":37,"column":38}},"21":{"start":{"line":40,"column":4},"end":{"line":44,"column":7}},"22":{"start":{"line":41,"column":6},"end":{"line":43,"column":38}},"23":{"start":{"line":46,"column":4},"end":{"line":50,"column":7}},"24":{"start":{"line":47,"column":6},"end":{"line":49,"column":38}},"25":{"start":{"line":53,"column":4},"end":{"line":53,"column":33}},"26":{"start":{"line":54,"column":4},"end":{"line":63,"column":7}},"27":{"start":{"line":55,"column":6},"end":{"line":62,"column":9}},"28":{"start":{"line":57,"column":8},"end":{"line":61,"column":11}},"29":{"start":{"line":58,"column":10},"end":{"line":58,"column":28}},"30":{"start":{"line":58,"column":21},"end":{"line":58,"column":28}},"31":{"start":{"line":59,"column":10},"end":{"line":59,"column":60}},"32":{"start":{"line":59,"column":26},"end":{"line":59,"column":60}},"33":{"start":{"line":60,"column":10},"end":{"line":60,"column":38}}},"branchMap":{"1":{"line":13,"type":"if","locations":[{"start":{"line":13,"column":2},"end":{"line":13,"column":2}},{"start":{"line":13,"column":2},"end":{"line":13,"column":2}}]},"2":{"line":13,"type":"binary-expr","locations":[{"start":{"line":13,"column":6},"end":{"line":13,"column":18}},{"start":{"line":13,"column":22},"end":{"line":13,"column":33}}]},"3":{"line":58,"type":"if","locations":[{"start":{"line":58,"column":10},"end":{"line":58,"column":10}},{"start":{"line":58,"column":10},"end":{"line":58,"column":10}}]},"4":{"line":59,"type":"if","locations":[{"start":{"line":59,"column":10},"end":{"line":59,"column":10}},{"start":{"line":59,"column":10},"end":{"line":59,"column":10}}]}}},"/Users/one19/Fundamentals/js/NASAPI/controllers/event.js":{"path":"/Users/one19/Fundamentals/js/NASAPI/controllers/event.js","s":{"1":1,"2":1,"3":1,"4":1,"5":1,"6":1,"7":145,"8":1,"9":1,"10":24,"11":48,"12":48,"13":1,"14":24,"15":60,"16":60,"17":2,"18":2,"19":1,"20":1,"21":57,"22":60,"23":1,"24":24,"25":60,"26":60,"27":60,"28":60,"29":25,"30":60,"31":1,"32":24,"33":1,"34":24,"35":72,"36":16,"37":7,"38":9,"39":72,"40":1,"41":20,"42":20,"43":4,"44":4,"45":16,"46":16,"47":16,"48":16,"49":16,"50":32,"51":16,"52":17,"53":16,"54":17,"55":17,"56":17,"57":2,"58":17,"59":0,"60":17,"61":9,"62":9,"63":1,"64":8,"65":8,"66":8,"67":8,"68":8,"69":141,"70":141,"71":0,"72":141,"73":2,"74":2,"75":0,"76":2,"77":2,"78":2},"b":{"1":[145,2],"2":[2,1,57],"3":[25,35],"4":[16,56],"5":[7,9],"6":[4,16],"7":[2,15],"8":[17,2],"9":[0,17],"10":[17,0],"11":[1,8],"12":[0,141],"13":[0,2]},"f":{},"fnMap":{},"statementMap":{"1":{"start":{"line":1,"column":0},"end":{"line":1,"column":29}},"2":{"start":{"line":2,"column":0},"end":{"line":2,"column":28}},"3":{"start":{"line":4,"column":0},"end":{"line":4,"column":34}},"4":{"start":{"line":5,"column":0},"end":{"line":5,"column":45}},"5":{"start":{"line":6,"column":0},"end":{"line":6,"column":30}},"6":{"start":{"line":8,"column":0},"end":{"line":13,"column":1}},"7":{"start":{"line":9,"column":2},"end":{"line":12,"column":3}},"8":{"start":{"line":15,"column":0},"end":{"line":15,"column":50}},"9":{"start":{"line":17,"column":0},"end":{"line":20,"column":1}},"10":{"start":{"line":17,"column":28},"end":{"line":20,"column":1}},"11":{"start":{"line":18,"column":2},"end":{"line":18,"column":25}},"12":{"start":{"line":19,"column":2},"end":{"line":19,"column":10}},"13":{"start":{"line":22,"column":0},"end":{"line":37,"column":1}},"14":{"start":{"line":23,"column":2},"end":{"line":36,"column":9}},"15":{"start":{"line":24,"column":4},"end":{"line":24,"column":28}},"16":{"start":{"line":25,"column":4},"end":{"line":34,"column":5}},"17":{"start":{"line":27,"column":8},"end":{"line":27,"column":20}},"18":{"start":{"line":28,"column":8},"end":{"line":28,"column":14}},"19":{"start":{"line":30,"column":8},"end":{"line":30,"column":21}},"20":{"start":{"line":31,"column":8},"end":{"line":31,"column":14}},"21":{"start":{"line":33,"column":8},"end":{"line":33,"column":21}},"22":{"start":{"line":35,"column":4},"end":{"line":35,"column":13}},"23":{"start":{"line":39,"column":0},"end":{"line":47,"column":1}},"24":{"start":{"line":40,"column":2},"end":{"line":46,"column":9}},"25":{"start":{"line":41,"column":4},"end":{"line":41,"column":28}},"26":{"start":{"line":42,"column":4},"end":{"line":42,"column":30}},"27":{"start":{"line":43,"column":4},"end":{"line":43,"column":17}},"28":{"start":{"line":44,"column":4},"end":{"line":44,"column":32}},"29":{"start":{"line":44,"column":21},"end":{"line":44,"column":32}},"30":{"start":{"line":45,"column":4},"end":{"line":45,"column":13}},"31":{"start":{"line":49,"column":0},"end":{"line":51,"column":1}},"32":{"start":{"line":50,"column":2},"end":{"line":50,"column":46}},"33":{"start":{"line":53,"column":0},"end":{"line":64,"column":1}},"34":{"start":{"line":54,"column":2},"end":{"line":63,"column":12}},"35":{"start":{"line":55,"column":4},"end":{"line":61,"column":5}},"36":{"start":{"line":56,"column":6},"end":{"line":60,"column":7}},"37":{"start":{"line":57,"column":8},"end":{"line":57,"column":51}},"38":{"start":{"line":59,"column":8},"end":{"line":59,"column":34}},"39":{"start":{"line":62,"column":4},"end":{"line":62,"column":13}},"40":{"start":{"line":66,"column":0},"end":{"line":133,"column":2}},"41":{"start":{"line":68,"column":4},"end":{"line":68,"column":36}},"42":{"start":{"line":70,"column":4},"end":{"line":73,"column":5}},"43":{"start":{"line":71,"column":6},"end":{"line":72,"column":45}},"44":{"start":{"line":72,"column":21},"end":{"line":72,"column":42}},"45":{"start":{"line":75,"column":4},"end":{"line":75,"column":77}},"46":{"start":{"line":77,"column":4},"end":{"line":77,"column":66}},"47":{"start":{"line":78,"column":4},"end":{"line":78,"column":53}},"48":{"start":{"line":80,"column":4},"end":{"line":80,"column":52}},"49":{"start":{"line":82,"column":4},"end":{"line":85,"column":33}},"50":{"start":{"line":85,"column":18},"end":{"line":85,"column":31}},"51":{"start":{"line":87,"column":4},"end":{"line":96,"column":7}},"52":{"start":{"line":87,"column":46},"end":{"line":87,"column":55}},"53":{"start":{"line":89,"column":6},"end":{"line":95,"column":25}},"54":{"start":{"line":90,"column":8},"end":{"line":90,"column":41}},"55":{"start":{"line":91,"column":8},"end":{"line":91,"column":31}},"56":{"start":{"line":92,"column":8},"end":{"line":92,"column":65}},"57":{"start":{"line":92,"column":43},"end":{"line":92,"column":65}},"58":{"start":{"line":93,"column":8},"end":{"line":93,"column":75}},"59":{"start":{"line":93,"column":53},"end":{"line":93,"column":75}},"60":{"start":{"line":94,"column":8},"end":{"line":94,"column":24}},"61":{"start":{"line":99,"column":4},"end":{"line":99,"column":36}},"62":{"start":{"line":101,"column":4},"end":{"line":103,"column":5}},"63":{"start":{"line":102,"column":6},"end":{"line":102,"column":93}},"64":{"start":{"line":105,"column":4},"end":{"line":105,"column":63}},"65":{"start":{"line":107,"column":4},"end":{"line":107,"column":66}},"66":{"start":{"line":108,"column":4},"end":{"line":108,"column":53}},"67":{"start":{"line":110,"column":4},"end":{"line":110,"column":52}},"68":{"start":{"line":112,"column":4},"end":{"line":112,"column":131}},"69":{"start":{"line":115,"column":4},"end":{"line":115,"column":34}},"70":{"start":{"line":116,"column":4},"end":{"line":116,"column":45}},"71":{"start":{"line":116,"column":16},"end":{"line":116,"column":45}},"72":{"start":{"line":117,"column":4},"end":{"line":118,"column":23}},"73":{"start":{"line":121,"column":4},"end":{"line":121,"column":34}},"74":{"start":{"line":122,"column":4},"end":{"line":122,"column":45}},"75":{"start":{"line":122,"column":16},"end":{"line":122,"column":45}},"76":{"start":{"line":123,"column":4},"end":{"line":124,"column":23}},"77":{"start":{"line":127,"column":4},"end":{"line":131,"column":23}},"78":{"start":{"line":129,"column":6},"end":{"line":129,"column":17}}},"branchMap":{"1":{"line":10,"type":"binary-expr","locations":[{"start":{"line":10,"column":12},"end":{"line":10,"column":34}},{"start":{"line":10,"column":38},"end":{"line":10,"column":52}}]},"2":{"line":25,"type":"switch","locations":[{"start":{"line":26,"column":6},"end":{"line":28,"column":14}},{"start":{"line":29,"column":6},"end":{"line":31,"column":14}},{"start":{"line":32,"column":6},"end":{"line":33,"column":21}}]},"3":{"line":44,"type":"if","locations":[{"start":{"line":44,"column":4},"end":{"line":44,"column":4}},{"start":{"line":44,"column":4},"end":{"line":44,"column":4}}]},"4":{"line":55,"type":"if","locations":[{"start":{"line":55,"column":4},"end":{"line":55,"column":4}},{"start":{"line":55,"column":4},"end":{"line":55,"column":4}}]},"5":{"line":56,"type":"if","locations":[{"start":{"line":56,"column":6},"end":{"line":56,"column":6}},{"start":{"line":56,"column":6},"end":{"line":56,"column":6}}]},"6":{"line":70,"type":"if","locations":[{"start":{"line":70,"column":4},"end":{"line":70,"column":4}},{"start":{"line":70,"column":4},"end":{"line":70,"column":4}}]},"7":{"line":92,"type":"if","locations":[{"start":{"line":92,"column":8},"end":{"line":92,"column":8}},{"start":{"line":92,"column":8},"end":{"line":92,"column":8}}]},"8":{"line":92,"type":"binary-expr","locations":[{"start":{"line":92,"column":12},"end":{"line":92,"column":27}},{"start":{"line":92,"column":31},"end":{"line":92,"column":41}}]},"9":{"line":93,"type":"if","locations":[{"start":{"line":93,"column":8},"end":{"line":93,"column":8}},{"start":{"line":93,"column":8},"end":{"line":93,"column":8}}]},"10":{"line":93,"type":"binary-expr","locations":[{"start":{"line":93,"column":12},"end":{"line":93,"column":30}},{"start":{"line":93,"column":34},"end":{"line":93,"column":51}}]},"11":{"line":101,"type":"if","locations":[{"start":{"line":101,"column":4},"end":{"line":101,"column":4}},{"start":{"line":101,"column":4},"end":{"line":101,"column":4}}]},"12":{"line":116,"type":"if","locations":[{"start":{"line":116,"column":4},"end":{"line":116,"column":4}},{"start":{"line":116,"column":4},"end":{"line":116,"column":4}}]},"13":{"line":122,"type":"if","locations":[{"start":{"line":122,"column":4},"end":{"line":122,"column":4}},{"start":{"line":122,"column":4},"end":{"line":122,"column":4}}]}}},"/Users/one19/Fundamentals/js/NASAPI/schema.js":{"path":"/Users/one19/Fundamentals/js/NASAPI/schema.js","s":{"1":1,"2":1,"3":1,"4":2,"5":2,"6":2,"7":1},"b":{},"f":{},"fnMap":{},"statementMap":{"1":{"start":{"line":1,"column":0},"end":{"line":1,"column":25}},"2":{"start":{"line":2,"column":0},"end":{"line":2,"column":48}},"3":{"start":{"line":4,"column":0},"end":{"line":8,"column":7}},"4":{"start":{"line":5,"column":2},"end":{"line":5,"column":38}},"5":{"start":{"line":6,"column":2},"end":{"line":6,"column":39}},"6":{"start":{"line":7,"column":2},"end":{"line":7,"column":11}},"7":{"start":{"line":10,"column":0},"end":{"line":10,"column":31}}},"branchMap":{}},"/Users/one19/Fundamentals/js/NASAPI/routes/schema.js":{"path":"/Users/one19/Fundamentals/js/NASAPI/routes/schema.js","s":{"1":1,"2":1,"3":1,"4":2},"b":{},"f":{},"fnMap":{},"statementMap":{"1":{"start":{"line":1,"column":0},"end":{"line":1,"column":38}},"2":{"start":{"line":3,"column":0},"end":{"line":10,"column":2}},"3":{"start":{"line":5,"column":4},"end":{"line":7,"column":7}},"4":{"start":{"line":6,"column":6},"end":{"line":6,"column":23}}},"branchMap":{}},"/Users/one19/Fundamentals/js/NASAPI/routes/symptom.js":{"path":"/Users/one19/Fundamentals/js/NASAPI/routes/symptom.js","s":{"1":1,"2":1,"3":1,"4":165,"5":0,"6":0,"7":0,"8":1,"9":165,"10":165,"11":1,"12":1,"13":164,"14":1,"15":1,"16":16,"17":1,"18":4,"19":1,"20":141,"21":1,"22":2,"23":1,"24":2,"25":1,"26":1,"27":9,"28":9,"29":602,"30":9,"31":593,"32":18,"33":575},"b":{"1":[1,164],"2":[165,2],"3":[9,593],"4":[18,575]},"f":{},"fnMap":{},"statementMap":{"1":{"start":{"line":1,"column":0},"end":{"line":1,"column":28}},"2":{"start":{"line":2,"column":0},"end":{"line":2,"column":53}},"3":{"start":{"line":4,"column":0},"end":{"line":10,"column":2}},"4":{"start":{"line":5,"column":2},"end":{"line":9,"column":3}},"5":{"start":{"line":6,"column":4},"end":{"line":6,"column":46}},"6":{"start":{"line":7,"column":4},"end":{"line":7,"column":20}},"7":{"start":{"line":8,"column":4},"end":{"line":8,"column":18}},"8":{"start":{"line":12,"column":0},"end":{"line":18,"column":2}},"9":{"start":{"line":12,"column":23},"end":{"line":18,"column":1}},"10":{"start":{"line":13,"column":2},"end":{"line":16,"column":3}},"11":{"start":{"line":14,"column":4},"end":{"line":14,"column":20}},"12":{"start":{"line":15,"column":4},"end":{"line":15,"column":57}},"13":{"start":{"line":17,"column":2},"end":{"line":17,"column":41}},"14":{"start":{"line":20,"column":0},"end":{"line":65,"column":2}},"15":{"start":{"line":22,"column":4},"end":{"line":26,"column":7}},"16":{"start":{"line":23,"column":6},"end":{"line":25,"column":38}},"17":{"start":{"line":28,"column":4},"end":{"line":32,"column":7}},"18":{"start":{"line":29,"column":6},"end":{"line":31,"column":38}},"19":{"start":{"line":34,"column":4},"end":{"line":38,"column":7}},"20":{"start":{"line":35,"column":6},"end":{"line":37,"column":38}},"21":{"start":{"line":40,"column":4},"end":{"line":44,"column":7}},"22":{"start":{"line":41,"column":6},"end":{"line":43,"column":38}},"23":{"start":{"line":46,"column":4},"end":{"line":50,"column":7}},"24":{"start":{"line":47,"column":6},"end":{"line":49,"column":38}},"25":{"start":{"line":53,"column":4},"end":{"line":53,"column":35}},"26":{"start":{"line":54,"column":4},"end":{"line":63,"column":7}},"27":{"start":{"line":55,"column":6},"end":{"line":62,"column":9}},"28":{"start":{"line":57,"column":8},"end":{"line":61,"column":11}},"29":{"start":{"line":58,"column":10},"end":{"line":58,"column":28}},"30":{"start":{"line":58,"column":21},"end":{"line":58,"column":28}},"31":{"start":{"line":59,"column":10},"end":{"line":59,"column":60}},"32":{"start":{"line":59,"column":26},"end":{"line":59,"column":60}},"33":{"start":{"line":60,"column":10},"end":{"line":60,"column":38}}},"branchMap":{"1":{"line":13,"type":"if","locations":[{"start":{"line":13,"column":2},"end":{"line":13,"column":2}},{"start":{"line":13,"column":2},"end":{"line":13,"column":2}}]},"2":{"line":13,"type":"binary-expr","locations":[{"start":{"line":13,"column":6},"end":{"line":13,"column":18}},{"start":{"line":13,"column":22},"end":{"line":13,"column":33}}]},"3":{"line":58,"type":"if","locations":[{"start":{"line":58,"column":10},"end":{"line":58,"column":10}},{"start":{"line":58,"column":10},"end":{"line":58,"column":10}}]},"4":{"line":59,"type":"if","locations":[{"start":{"line":59,"column":10},"end":{"line":59,"column":10}},{"start":{"line":59,"column":10},"end":{"line":59,"column":10}}]}}},"/Users/one19/Fundamentals/js/NASAPI/controllers/symptom.js":{"path":"/Users/one19/Fundamentals/js/NASAPI/controllers/symptom.js","s":{"1":1,"2":1,"3":1,"4":1,"5":1,"6":1,"7":145,"8":1,"9":1,"10":24,"11":48,"12":48,"13":1,"14":24,"15":60,"16":60,"17":2,"18":2,"19":1,"20":1,"21":57,"22":60,"23":1,"24":24,"25":60,"26":60,"27":60,"28":60,"29":25,"30":60,"31":1,"32":24,"33":1,"34":24,"35":72,"36":16,"37":7,"38":9,"39":72,"40":1,"41":20,"42":20,"43":4,"44":4,"45":16,"46":16,"47":16,"48":16,"49":16,"50":32,"51":16,"52":17,"53":16,"54":17,"55":17,"56":17,"57":2,"58":17,"59":0,"60":17,"61":9,"62":9,"63":1,"64":8,"65":8,"66":8,"67":8,"68":8,"69":141,"70":141,"71":0,"72":141,"73":2,"74":2,"75":0,"76":2,"77":2,"78":2},"b":{"1":[145,2],"2":[2,1,57],"3":[25,35],"4":[16,56],"5":[7,9],"6":[4,16],"7":[2,15],"8":[17,2],"9":[0,17],"10":[17,0],"11":[1,8],"12":[0,141],"13":[0,2]},"f":{},"fnMap":{},"statementMap":{"1":{"start":{"line":1,"column":0},"end":{"line":1,"column":29}},"2":{"start":{"line":2,"column":0},"end":{"line":2,"column":28}},"3":{"start":{"line":4,"column":0},"end":{"line":4,"column":34}},"4":{"start":{"line":5,"column":0},"end":{"line":5,"column":47}},"5":{"start":{"line":6,"column":0},"end":{"line":6,"column":30}},"6":{"start":{"line":8,"column":0},"end":{"line":13,"column":1}},"7":{"start":{"line":9,"column":2},"end":{"line":12,"column":3}},"8":{"start":{"line":15,"column":0},"end":{"line":15,"column":50}},"9":{"start":{"line":17,"column":0},"end":{"line":20,"column":1}},"10":{"start":{"line":17,"column":28},"end":{"line":20,"column":1}},"11":{"start":{"line":18,"column":2},"end":{"line":18,"column":25}},"12":{"start":{"line":19,"column":2},"end":{"line":19,"column":10}},"13":{"start":{"line":22,"column":0},"end":{"line":37,"column":1}},"14":{"start":{"line":23,"column":2},"end":{"line":36,"column":9}},"15":{"start":{"line":24,"column":4},"end":{"line":24,"column":28}},"16":{"start":{"line":25,"column":4},"end":{"line":34,"column":5}},"17":{"start":{"line":27,"column":8},"end":{"line":27,"column":20}},"18":{"start":{"line":28,"column":8},"end":{"line":28,"column":14}},"19":{"start":{"line":30,"column":8},"end":{"line":30,"column":21}},"20":{"start":{"line":31,"column":8},"end":{"line":31,"column":14}},"21":{"start":{"line":33,"column":8},"end":{"line":33,"column":21}},"22":{"start":{"line":35,"column":4},"end":{"line":35,"column":13}},"23":{"start":{"line":39,"column":0},"end":{"line":47,"column":1}},"24":{"start":{"line":40,"column":2},"end":{"line":46,"column":9}},"25":{"start":{"line":41,"column":4},"end":{"line":41,"column":28}},"26":{"start":{"line":42,"column":4},"end":{"line":42,"column":30}},"27":{"start":{"line":43,"column":4},"end":{"line":43,"column":17}},"28":{"start":{"line":44,"column":4},"end":{"line":44,"column":32}},"29":{"start":{"line":44,"column":21},"end":{"line":44,"column":32}},"30":{"start":{"line":45,"column":4},"end":{"line":45,"column":13}},"31":{"start":{"line":49,"column":0},"end":{"line":51,"column":1}},"32":{"start":{"line":50,"column":2},"end":{"line":50,"column":46}},"33":{"start":{"line":53,"column":0},"end":{"line":64,"column":1}},"34":{"start":{"line":54,"column":2},"end":{"line":63,"column":12}},"35":{"start":{"line":55,"column":4},"end":{"line":61,"column":5}},"36":{"start":{"line":56,"column":6},"end":{"line":60,"column":7}},"37":{"start":{"line":57,"column":8},"end":{"line":57,"column":51}},"38":{"start":{"line":59,"column":8},"end":{"line":59,"column":34}},"39":{"start":{"line":62,"column":4},"end":{"line":62,"column":13}},"40":{"start":{"line":66,"column":0},"end":{"line":133,"column":2}},"41":{"start":{"line":68,"column":4},"end":{"line":68,"column":38}},"42":{"start":{"line":70,"column":4},"end":{"line":73,"column":5}},"43":{"start":{"line":71,"column":6},"end":{"line":72,"column":45}},"44":{"start":{"line":72,"column":21},"end":{"line":72,"column":42}},"45":{"start":{"line":75,"column":4},"end":{"line":75,"column":77}},"46":{"start":{"line":77,"column":4},"end":{"line":77,"column":66}},"47":{"start":{"line":78,"column":4},"end":{"line":78,"column":53}},"48":{"start":{"line":80,"column":4},"end":{"line":80,"column":52}},"49":{"start":{"line":82,"column":4},"end":{"line":85,"column":33}},"50":{"start":{"line":85,"column":18},"end":{"line":85,"column":31}},"51":{"start":{"line":87,"column":4},"end":{"line":96,"column":7}},"52":{"start":{"line":87,"column":46},"end":{"line":87,"column":55}},"53":{"start":{"line":89,"column":6},"end":{"line":95,"column":25}},"54":{"start":{"line":90,"column":8},"end":{"line":90,"column":41}},"55":{"start":{"line":91,"column":8},"end":{"line":91,"column":31}},"56":{"start":{"line":92,"column":8},"end":{"line":92,"column":65}},"57":{"start":{"line":92,"column":43},"end":{"line":92,"column":65}},"58":{"start":{"line":93,"column":8},"end":{"line":93,"column":75}},"59":{"start":{"line":93,"column":53},"end":{"line":93,"column":75}},"60":{"start":{"line":94,"column":8},"end":{"line":94,"column":24}},"61":{"start":{"line":99,"column":4},"end":{"line":99,"column":38}},"62":{"start":{"line":101,"column":4},"end":{"line":103,"column":5}},"63":{"start":{"line":102,"column":6},"end":{"line":102,"column":93}},"64":{"start":{"line":105,"column":4},"end":{"line":105,"column":63}},"65":{"start":{"line":107,"column":4},"end":{"line":107,"column":66}},"66":{"start":{"line":108,"column":4},"end":{"line":108,"column":53}},"67":{"start":{"line":110,"column":4},"end":{"line":110,"column":52}},"68":{"start":{"line":112,"column":4},"end":{"line":112,"column":131}},"69":{"start":{"line":115,"column":4},"end":{"line":115,"column":36}},"70":{"start":{"line":116,"column":4},"end":{"line":116,"column":45}},"71":{"start":{"line":116,"column":16},"end":{"line":116,"column":45}},"72":{"start":{"line":117,"column":4},"end":{"line":118,"column":23}},"73":{"start":{"line":121,"column":4},"end":{"line":121,"column":36}},"74":{"start":{"line":122,"column":4},"end":{"line":122,"column":45}},"75":{"start":{"line":122,"column":16},"end":{"line":122,"column":45}},"76":{"start":{"line":123,"column":4},"end":{"line":124,"column":23}},"77":{"start":{"line":127,"column":4},"end":{"line":131,"column":23}},"78":{"start":{"line":129,"column":6},"end":{"line":129,"column":17}}},"branchMap":{"1":{"line":10,"type":"binary-expr","locations":[{"start":{"line":10,"column":12},"end":{"line":10,"column":34}},{"start":{"line":10,"column":38},"end":{"line":10,"column":52}}]},"2":{"line":25,"type":"switch","locations":[{"start":{"line":26,"column":6},"end":{"line":28,"column":14}},{"start":{"line":29,"column":6},"end":{"line":31,"column":14}},{"start":{"line":32,"column":6},"end":{"line":33,"column":21}}]},"3":{"line":44,"type":"if","locations":[{"start":{"line":44,"column":4},"end":{"line":44,"column":4}},{"start":{"line":44,"column":4},"end":{"line":44,"column":4}}]},"4":{"line":55,"type":"if","locations":[{"start":{"line":55,"column":4},"end":{"line":55,"column":4}},{"start":{"line":55,"column":4},"end":{"line":55,"column":4}}]},"5":{"line":56,"type":"if","locations":[{"start":{"line":56,"column":6},"end":{"line":56,"column":6}},{"start":{"line":56,"column":6},"end":{"line":56,"column":6}}]},"6":{"line":70,"type":"if","locations":[{"start":{"line":70,"column":4},"end":{"line":70,"column":4}},{"start":{"line":70,"column":4},"end":{"line":70,"column":4}}]},"7":{"line":92,"type":"if","locations":[{"start":{"line":92,"column":8},"end":{"line":92,"column":8}},{"start":{"line":92,"column":8},"end":{"line":92,"column":8}}]},"8":{"line":92,"type":"binary-expr","locations":[{"start":{"line":92,"column":12},"end":{"line":92,"column":27}},{"start":{"line":92,"column":31},"end":{"line":92,"column":41}}]},"9":{"line":93,"type":"if","locations":[{"start":{"line":93,"column":8},"end":{"line":93,"column":8}},{"start":{"line":93,"column":8},"end":{"line":93,"column":8}}]},"10":{"line":93,"type":"binary-expr","locations":[{"start":{"line":93,"column":12},"end":{"line":93,"column":30}},{"start":{"line":93,"column":34},"end":{"line":93,"column":51}}]},"11":{"line":101,"type":"if","locations":[{"start":{"line":101,"column":4},"end":{"line":101,"column":4}},{"start":{"line":101,"column":4},"end":{"line":101,"column":4}}]},"12":{"line":116,"type":"if","locations":[{"start":{"line":116,"column":4},"end":{"line":116,"column":4}},{"start":{"line":116,"column":4},"end":{"line":116,"column":4}}]},"13":{"line":122,"type":"if","locations":[{"start":{"line":122,"column":4},"end":{"line":122,"column":4}},{"start":{"line":122,"column":4},"end":{"line":122,"column":4}}]}}},"/Users/one19/Fundamentals/js/NASAPI/fixtures/event.js":{"path":"/Users/one19/Fundamentals/js/NASAPI/fixtures/event.js","s":{"1":1,"2":1,"3":1,"4":1,"5":141},"b":{},"f":{},"fnMap":{},"statementMap":{"1":{"start":{"line":1,"column":0},"end":{"line":1,"column":37}},"2":{"start":{"line":2,"column":0},"end":{"line":2,"column":46}},"3":{"start":{"line":3,"column":0},"end":{"line":3,"column":45}},"4":{"start":{"line":5,"column":0},"end":{"line":9,"column":2}},"5":{"start":{"line":7,"column":4},"end":{"line":7,"column":28}}},"branchMap":{}},"/Users/one19/Fundamentals/js/NASAPI/fixtures/symptom.js":{"path":"/Users/one19/Fundamentals/js/NASAPI/fixtures/symptom.js","s":{"1":1,"2":1,"3":1,"4":1,"5":141},"b":{},"f":{},"fnMap":{},"statementMap":{"1":{"start":{"line":1,"column":0},"end":{"line":1,"column":37}},"2":{"start":{"line":2,"column":0},"end":{"line":2,"column":46}},"3":{"start":{"line":3,"column":0},"end":{"line":3,"column":47}},"4":{"start":{"line":5,"column":0},"end":{"line":9,"column":2}},"5":{"start":{"line":7,"column":4},"end":{"line":7,"column":28}}},"branchMap":{}}}