TN:
SF:/Users/one19/Fundamentals/js/NASAPI/test.js
FN:12,(anonymous_1)
FN:15,(anonymous_2)
FNF:2
FNH:2
FNDA:7,(anonymous_1)
FNDA:4,(anonymous_2)
DA:1,1
DA:2,1
DA:3,1
DA:5,1
DA:6,1
DA:7,1
DA:9,1
DA:10,1
DA:12,1
DA:13,7
DA:14,7
DA:16,4
DA:20,1
DA:21,1
DA:22,1
DA:23,1
LF:16
LH:16
BRDA:13,1,0,0
BRDA:13,1,1,7
BRF:2
BRH:1
end_of_record
TN:
SF:/Users/one19/Fundamentals/js/NASAPI/setup.js
FNF:0
FNH:0
DA:1,1
DA:2,1
DA:4,1
DA:6,1
DA:7,2
DA:10,1
DA:11,1
DA:13,1
DA:14,1
DA:15,0
DA:18,2
LF:11
LH:10
BRDA:14,1,0,1
BRDA:14,1,1,0
BRF:2
BRH:1
end_of_record
TN:
SF:/Users/one19/Fundamentals/js/NASAPI/lib/db.js
FNF:0
FNH:0
DA:1,1
DA:2,1
DA:3,1
DA:5,1
DA:7,1
LF:5
LH:5
BRF:0
BRH:0
end_of_record
TN:
SF:/Users/one19/Fundamentals/js/NASAPI/tables/event.js
FNF:0
FNH:0
DA:1,1
DA:3,1
DA:4,1
DA:6,0
DA:7,0
DA:10,1
LF:6
LH:4
BRDA:6,1,0,0
BRDA:6,1,1,0
BRF:2
BRH:0
end_of_record
TN:
SF:/Users/one19/Fundamentals/js/NASAPI/tables/symptom.js
FNF:0
FNH:0
DA:1,1
DA:3,1
DA:4,1
DA:6,0
DA:7,0
DA:10,1
LF:6
LH:4
BRDA:6,1,0,0
BRDA:6,1,1,0
BRF:2
BRH:0
end_of_record
TN:
SF:/Users/one19/Fundamentals/js/NASAPI/index.js
FN:25,(anonymous_1)
FNF:1
FNH:0
FNDA:0,(anonymous_1)
DA:1,1
DA:3,1
DA:4,1
DA:7,1
DA:9,1
DA:10,1
DA:12,1
DA:13,1
DA:15,1
DA:16,1
DA:19,1
DA:20,3
DA:21,3
DA:22,3
DA:25,1
DA:26,0
DA:29,1
LF:17
LH:16
BRF:0
BRH:0
end_of_record
TN:
SF:/Users/one19/Fundamentals/js/NASAPI/env/base.js
FNF:0
FNH:0
DA:1,1
LF:1
LH:1
BRF:0
BRH:0
end_of_record
TN:
SF:/Users/one19/Fundamentals/js/NASAPI/middleware/jwt.js
FNF:0
FNH:0
DA:1,1
DA:2,1
DA:3,1
DA:5,1
DA:6,4
DA:7,4
DA:9,2
DA:13,1
DA:14,1
DA:15,336
DA:18,336
DA:20,4
DA:21,2
DA:22,2
DA:25,3
DA:26,2
DA:29,2
DA:32,1
DA:33,2
DA:34,2
LF:20
LH:20
BRDA:18,1,0,332
BRDA:18,1,1,4
BRDA:20,2,0,2
BRDA:20,2,1,2
BRDA:22,3,0,1
BRDA:22,3,1,1
BRDA:25,4,0,2
BRDA:25,4,1,1
BRDA:26,5,0,1
BRDA:26,5,1,1
BRF:10
BRH:10
end_of_record
TN:
SF:/Users/one19/Fundamentals/js/NASAPI/routes/event.js
FNF:0
FNH:0
DA:1,1
DA:2,1
DA:4,1
DA:5,165
DA:6,0
DA:7,0
DA:8,0
DA:12,165
DA:13,165
DA:14,1
DA:15,1
DA:17,164
DA:20,1
DA:22,1
DA:23,16
DA:28,1
DA:29,4
DA:34,1
DA:35,141
DA:40,1
DA:41,2
DA:46,1
DA:47,2
DA:53,1
DA:54,1
DA:55,9
DA:57,9
DA:58,602
DA:59,593
DA:60,575
LF:30
LH:27
BRDA:13,1,0,1
BRDA:13,1,1,164
BRDA:13,2,0,165
BRDA:13,2,1,2
BRDA:58,3,0,9
BRDA:58,3,1,593
BRDA:59,4,0,18
BRDA:59,4,1,575
BRF:8
BRH:8
end_of_record
TN:
SF:/Users/one19/Fundamentals/js/NASAPI/controllers/event.js
FNF:0
FNH:0
DA:1,1
DA:2,1
DA:4,1
DA:5,1
DA:6,1
DA:8,1
DA:9,145
DA:15,1
DA:17,24
DA:18,48
DA:19,48
DA:22,1
DA:23,24
DA:24,60
DA:25,60
DA:27,2
DA:28,2
DA:30,1
DA:31,1
DA:33,57
DA:35,60
DA:39,1
DA:40,24
DA:41,60
DA:42,60
DA:43,60
DA:44,60
DA:45,60
DA:49,1
DA:50,24
DA:53,1
DA:54,24
DA:55,72
DA:56,16
DA:57,7
DA:59,9
DA:62,72
DA:66,1
DA:68,20
DA:70,20
DA:71,4
DA:72,4
DA:75,16
DA:77,16
DA:78,16
DA:80,16
DA:82,16
DA:85,32
DA:87,17
DA:89,16
DA:90,17
DA:91,17
DA:92,17
DA:93,17
DA:94,17
DA:99,9
DA:101,9
DA:102,1
DA:105,8
DA:107,8
DA:108,8
DA:110,8
DA:112,8
DA:115,141
DA:116,141
DA:117,141
DA:121,2
DA:122,2
DA:123,2
DA:127,2
DA:129,2
LF:71
LH:71
BRDA:10,1,0,145
BRDA:10,1,1,2
BRDA:25,2,0,2
BRDA:25,2,1,1
BRDA:25,2,2,57
BRDA:44,3,0,25
BRDA:44,3,1,35
BRDA:55,4,0,16
BRDA:55,4,1,56
BRDA:56,5,0,7
BRDA:56,5,1,9
BRDA:70,6,0,4
BRDA:70,6,1,16
BRDA:92,7,0,2
BRDA:92,7,1,15
BRDA:92,8,0,17
BRDA:92,8,1,2
BRDA:93,9,0,0
BRDA:93,9,1,17
BRDA:93,10,0,17
BRDA:93,10,1,0
BRDA:101,11,0,1
BRDA:101,11,1,8
BRDA:116,12,0,0
BRDA:116,12,1,141
BRDA:122,13,0,0
BRDA:122,13,1,2
BRF:27
BRH:23
end_of_record
TN:
SF:/Users/one19/Fundamentals/js/NASAPI/schema.js
FNF:0
FNH:0
DA:1,1
DA:2,1
DA:4,1
DA:5,2
DA:6,2
DA:7,2
DA:10,1
LF:7
LH:7
BRF:0
BRH:0
end_of_record
TN:
SF:/Users/one19/Fundamentals/js/NASAPI/routes/schema.js
FNF:0
FNH:0
DA:1,1
DA:3,1
DA:5,1
DA:6,2
LF:4
LH:4
BRF:0
BRH:0
end_of_record
TN:
SF:/Users/one19/Fundamentals/js/NASAPI/routes/symptom.js
FNF:0
FNH:0
DA:1,1
DA:2,1
DA:4,1
DA:5,165
DA:6,0
DA:7,0
DA:8,0
DA:12,165
DA:13,165
DA:14,1
DA:15,1
DA:17,164
DA:20,1
DA:22,1
DA:23,16
DA:28,1
DA:29,4
DA:34,1
DA:35,141
DA:40,1
DA:41,2
DA:46,1
DA:47,2
DA:53,1
DA:54,1
DA:55,9
DA:57,9
DA:58,602
DA:59,593
DA:60,575
LF:30
LH:27
BRDA:13,1,0,1
BRDA:13,1,1,164
BRDA:13,2,0,165
BRDA:13,2,1,2
BRDA:58,3,0,9
BRDA:58,3,1,593
BRDA:59,4,0,18
BRDA:59,4,1,575
BRF:8
BRH:8
end_of_record
TN:
SF:/Users/one19/Fundamentals/js/NASAPI/controllers/symptom.js
FNF:0
FNH:0
DA:1,1
DA:2,1
DA:4,1
DA:5,1
DA:6,1
DA:8,1
DA:9,145
DA:15,1
DA:17,24
DA:18,48
DA:19,48
DA:22,1
DA:23,24
DA:24,60
DA:25,60
DA:27,2
DA:28,2
DA:30,1
DA:31,1
DA:33,57
DA:35,60
DA:39,1
DA:40,24
DA:41,60
DA:42,60
DA:43,60
DA:44,60
DA:45,60
DA:49,1
DA:50,24
DA:53,1
DA:54,24
DA:55,72
DA:56,16
DA:57,7
DA:59,9
DA:62,72
DA:66,1
DA:68,20
DA:70,20
DA:71,4
DA:72,4
DA:75,16
DA:77,16
DA:78,16
DA:80,16
DA:82,16
DA:85,32
DA:87,17
DA:89,16
DA:90,17
DA:91,17
DA:92,17
DA:93,17
DA:94,17
DA:99,9
DA:101,9
DA:102,1
DA:105,8
DA:107,8
DA:108,8
DA:110,8
DA:112,8
DA:115,141
DA:116,141
DA:117,141
DA:121,2
DA:122,2
DA:123,2
DA:127,2
DA:129,2
LF:71
LH:71
BRDA:10,1,0,145
BRDA:10,1,1,2
BRDA:25,2,0,2
BRDA:25,2,1,1
BRDA:25,2,2,57
BRDA:44,3,0,25
BRDA:44,3,1,35
BRDA:55,4,0,16
BRDA:55,4,1,56
BRDA:56,5,0,7
BRDA:56,5,1,9
BRDA:70,6,0,4
BRDA:70,6,1,16
BRDA:92,7,0,2
BRDA:92,7,1,15
BRDA:92,8,0,17
BRDA:92,8,1,2
BRDA:93,9,0,0
BRDA:93,9,1,17
BRDA:93,10,0,17
BRDA:93,10,1,0
BRDA:101,11,0,1
BRDA:101,11,1,8
BRDA:116,12,0,0
BRDA:116,12,1,141
BRDA:122,13,0,0
BRDA:122,13,1,2
BRF:27
BRH:23
end_of_record
TN:
SF:/Users/one19/Fundamentals/js/NASAPI/fixtures/event.js
FNF:0
FNH:0
DA:1,1
DA:2,1
DA:3,1
DA:5,1
DA:7,141
LF:5
LH:5
BRF:0
BRH:0
end_of_record
TN:
SF:/Users/one19/Fundamentals/js/NASAPI/fixtures/symptom.js
FNF:0
FNH:0
DA:1,1
DA:2,1
DA:3,1
DA:5,1
DA:7,141
LF:5
LH:5
BRF:0
BRH:0
end_of_record
